2021-03-27 20:48:31.923  INFO 165906 --- [main] com.iit.lab2.Lab2Application             : Starting Lab2Application on alex-ThinkPad-L380 with PID 165906 (/home/alex/IdeaProjects/AIPOSIZI/lab-2/target/classes started by alex in /home/alex/IdeaProjects/AIPOSIZI/lab-2)
2021-03-27 20:48:31.926  INFO 165906 --- [main] com.iit.lab2.Lab2Application             : No active profile set, falling back to default profiles: default
2021-03-27 20:48:32.733  INFO 165906 --- [main] .s.d.r.c.RepositoryConfigurationDelegate : Bootstrapping Spring Data repositories in DEFAULT mode.
2021-03-27 20:48:32.788  INFO 165906 --- [main] .s.d.r.c.RepositoryConfigurationDelegate : Finished Spring Data repository scanning in 48ms. Found 4 repository interfaces.
2021-03-27 20:48:33.046  INFO 165906 --- [main] trationDelegate$BeanPostProcessorChecker : Bean 'org.springframework.transaction.annotation.ProxyTransactionManagementConfiguration' of type [org.springframework.transaction.annotation.ProxyTransactionManagementConfiguration$$EnhancerBySpringCGLIB$$6d6a6052] is not eligible for getting processed by all BeanPostProcessors (for example: not eligible for auto-proxying)
2021-03-27 20:48:33.112  WARN 165906 --- [main] ConfigServletWebServerApplicationContext : Exception encountered during context initialization - cancelling refresh attempt: org.springframework.context.ApplicationContextException: Unable to start web server; nested exception is org.springframework.beans.factory.BeanCreationException: Error creating bean with name 'tomcatServletWebServerFactory' defined in class path resource [org/springframework/boot/autoconfigure/web/servlet/ServletWebServerFactoryConfiguration$EmbeddedTomcat.class]: Initialization of bean failed; nested exception is org.springframework.beans.factory.UnsatisfiedDependencyException: Error creating bean with name 'servletWebServerFactoryCustomizer' defined in class path resource [org/springframework/boot/autoconfigure/web/servlet/ServletWebServerFactoryAutoConfiguration.class]: Unsatisfied dependency expressed through method 'servletWebServerFactoryCustomizer' parameter 0; nested exception is org.springframework.boot.context.properties.ConfigurationPropertiesBindException: Error creating bean with name 'server-org.springframework.boot.autoconfigure.web.ServerProperties': Could not bind properties to 'ServerProperties' : prefix=server, ignoreInvalidFields=false, ignoreUnknownFields=true; nested exception is org.springframework.boot.context.properties.bind.BindException: Failed to bind properties under 'server.port' to java.lang.Integer
2021-03-27 20:48:33.119  INFO 165906 --- [main] ConditionEvaluationReportLoggingListener : 

Error starting ApplicationContext. To display the conditions report re-run your application with 'debug' enabled.
2021-03-27 20:48:33.121 ERROR 165906 --- [main] o.s.b.d.LoggingFailureAnalysisReporter   : 

***************************
APPLICATION FAILED TO START
***************************

Description:

Failed to bind properties under 'server.port' to java.lang.Integer:

    Property: server.port
    Value: ${PORT}
    Origin: class path resource [application.properties]:1:13
    Reason: failed to convert java.lang.String to java.lang.Integer

Action:

Update your application's configuration

2021-03-27 20:57:06.398  INFO 166562 --- [main] com.iit.lab2.Lab2Application             : Starting Lab2Application on alex-ThinkPad-L380 with PID 166562 (/home/alex/IdeaProjects/AIPOSIZI/lab-2/target/classes started by alex in /home/alex/IdeaProjects/AIPOSIZI/lab-2)
2021-03-27 20:57:06.401  INFO 166562 --- [main] com.iit.lab2.Lab2Application             : No active profile set, falling back to default profiles: default
2021-03-27 20:57:07.161  INFO 166562 --- [main] .s.d.r.c.RepositoryConfigurationDelegate : Bootstrapping Spring Data repositories in DEFAULT mode.
2021-03-27 20:57:07.209  INFO 166562 --- [main] .s.d.r.c.RepositoryConfigurationDelegate : Finished Spring Data repository scanning in 43ms. Found 4 repository interfaces.
2021-03-27 20:57:07.447  INFO 166562 --- [main] trationDelegate$BeanPostProcessorChecker : Bean 'org.springframework.transaction.annotation.ProxyTransactionManagementConfiguration' of type [org.springframework.transaction.annotation.ProxyTransactionManagementConfiguration$$EnhancerBySpringCGLIB$$b2ca2d24] is not eligible for getting processed by all BeanPostProcessors (for example: not eligible for auto-proxying)
2021-03-27 20:57:07.510  WARN 166562 --- [main] ConfigServletWebServerApplicationContext : Exception encountered during context initialization - cancelling refresh attempt: org.springframework.context.ApplicationContextException: Unable to start web server; nested exception is org.springframework.beans.factory.BeanCreationException: Error creating bean with name 'tomcatServletWebServerFactory' defined in class path resource [org/springframework/boot/autoconfigure/web/servlet/ServletWebServerFactoryConfiguration$EmbeddedTomcat.class]: Initialization of bean failed; nested exception is org.springframework.beans.factory.UnsatisfiedDependencyException: Error creating bean with name 'servletWebServerFactoryCustomizer' defined in class path resource [org/springframework/boot/autoconfigure/web/servlet/ServletWebServerFactoryAutoConfiguration.class]: Unsatisfied dependency expressed through method 'servletWebServerFactoryCustomizer' parameter 0; nested exception is org.springframework.boot.context.properties.ConfigurationPropertiesBindException: Error creating bean with name 'server-org.springframework.boot.autoconfigure.web.ServerProperties': Could not bind properties to 'ServerProperties' : prefix=server, ignoreInvalidFields=false, ignoreUnknownFields=true; nested exception is org.springframework.boot.context.properties.bind.BindException: Failed to bind properties under 'server.port' to java.lang.Integer
2021-03-27 20:57:07.517  INFO 166562 --- [main] ConditionEvaluationReportLoggingListener : 

Error starting ApplicationContext. To display the conditions report re-run your application with 'debug' enabled.
2021-03-27 20:57:07.519 ERROR 166562 --- [main] o.s.b.d.LoggingFailureAnalysisReporter   : 

***************************
APPLICATION FAILED TO START
***************************

Description:

Failed to bind properties under 'server.port' to java.lang.Integer:

    Property: server.port
    Value: ${PORT}
    Origin: class path resource [application.properties]:1:13
    Reason: failed to convert java.lang.String to java.lang.Integer

Action:

Update your application's configuration

2021-03-27 20:58:40.595  INFO 166854 --- [main] com.iit.lab2.Lab2Application             : Starting Lab2Application on alex-ThinkPad-L380 with PID 166854 (/home/alex/IdeaProjects/AIPOSIZI/lab-2/target/classes started by alex in /home/alex/IdeaProjects/AIPOSIZI/lab-2)
2021-03-27 20:58:40.598  INFO 166854 --- [main] com.iit.lab2.Lab2Application             : No active profile set, falling back to default profiles: default
2021-03-27 20:58:41.446  INFO 166854 --- [main] .s.d.r.c.RepositoryConfigurationDelegate : Bootstrapping Spring Data repositories in DEFAULT mode.
2021-03-27 20:58:41.519  INFO 166854 --- [main] .s.d.r.c.RepositoryConfigurationDelegate : Finished Spring Data repository scanning in 65ms. Found 4 repository interfaces.
2021-03-27 20:58:41.821  INFO 166854 --- [main] trationDelegate$BeanPostProcessorChecker : Bean 'org.springframework.transaction.annotation.ProxyTransactionManagementConfiguration' of type [org.springframework.transaction.annotation.ProxyTransactionManagementConfiguration$$EnhancerBySpringCGLIB$$5ce5f4b2] is not eligible for getting processed by all BeanPostProcessors (for example: not eligible for auto-proxying)
2021-03-27 20:58:42.027  INFO 166854 --- [main] o.s.b.w.embedded.tomcat.TomcatWebServer  : Tomcat initialized with port(s): 8082 (http)
2021-03-27 20:58:42.051  INFO 166854 --- [main] o.apache.catalina.core.StandardService   : Starting service [Tomcat]
2021-03-27 20:58:42.051  INFO 166854 --- [main] org.apache.catalina.core.StandardEngine  : Starting Servlet engine: [Apache Tomcat/9.0.24]
2021-03-27 20:58:42.158  INFO 166854 --- [main] o.a.c.c.C.[Tomcat].[localhost].[/]       : Initializing Spring embedded WebApplicationContext
2021-03-27 20:58:42.285  INFO 166854 --- [main] com.zaxxer.hikari.HikariDataSource       : HikariPool-1 - Starting...
2021-03-27 20:58:42.334  INFO 166854 --- [main] com.zaxxer.hikari.HikariDataSource       : HikariPool-1 - Start completed.
2021-03-27 20:58:42.370  INFO 166854 --- [main] o.hibernate.jpa.internal.util.LogHelper  : HHH000204: Processing PersistenceUnitInfo [
	name: default
	...]
2021-03-27 20:58:42.413  INFO 166854 --- [main] org.hibernate.Version                    : HHH000412: Hibernate Core {5.3.11.Final}
2021-03-27 20:58:42.415  INFO 166854 --- [main] org.hibernate.cfg.Environment            : HHH000206: hibernate.properties not found
2021-03-27 20:58:42.514  INFO 166854 --- [main] o.hibernate.annotations.common.Version   : HCANN000001: Hibernate Commons Annotations {5.0.4.Final}
2021-03-27 20:58:42.632  INFO 166854 --- [main] org.hibernate.dialect.Dialect            : HHH000400: Using dialect: org.hibernate.dialect.PostgreSQL95Dialect
2021-03-27 20:58:42.699  INFO 166854 --- [main] o.h.e.j.e.i.LobCreatorBuilderImpl        : HHH000421: Disabling contextual LOB creation as hibernate.jdbc.lob.non_contextual_creation is true
2021-03-27 20:58:42.703  INFO 166854 --- [main] org.hibernate.type.BasicTypeRegistry     : HHH000270: Type registration [java.util.UUID] overrides previous : org.hibernate.type.UUIDBinaryType@712e787e
2021-03-27 20:58:43.229  INFO 166854 --- [main] j.LocalContainerEntityManagerFactoryBean : Initialized JPA EntityManagerFactory for persistence unit 'default'
2021-03-27 20:58:44.122  INFO 166854 --- [main] o.s.s.concurrent.ThreadPoolTaskExecutor  : Initializing ExecutorService 'applicationTaskExecutor'
2021-03-27 20:58:44.149  WARN 166854 --- [main] aWebConfiguration$JpaWebMvcConfiguration : spring.jpa.open-in-view is enabled by default. Therefore, database queries may be performed during view rendering. Explicitly configure spring.jpa.open-in-view to disable this warning
2021-03-27 20:58:44.219  WARN 166854 --- [main] ion$DefaultTemplateResolverConfiguration : Cannot find template location: classpath:/templates/ (please add some templates or check your Thymeleaf configuration)
2021-03-27 20:58:44.333  INFO 166854 --- [main] o.s.b.w.embedded.tomcat.TomcatWebServer  : Tomcat started on port(s): 8082 (http) with context path ''
2021-03-27 20:58:44.336  INFO 166854 --- [main] com.iit.lab2.Lab2Application             : Started Lab2Application in 4.08 seconds (JVM running for 4.67)
2021-03-27 20:58:51.927  INFO 166854 --- [http-nio-8082-exec-1] o.a.c.c.C.[Tomcat].[localhost].[/]       : Initializing Spring DispatcherServlet 'dispatcherServlet'
2021-03-27 20:58:51.991  INFO 166854 --- [http-nio-8082-exec-1] o.h.h.i.QueryTranslatorFactoryInitiator  : HHH000397: Using ASTQueryTranslatorFactory
2021-03-27 20:58:52.071  INFO 166854 --- [http-nio-8082-exec-1] com.iit.lab2.service.GameService         : 1 games was found
2021-03-27 20:59:09.190  INFO 166854 --- [http-nio-8082-exec-4] com.iit.lab2.service.GameService         : 1 games was found
2021-03-27 20:59:09.627  INFO 166854 --- [http-nio-8082-exec-6] com.iit.lab2.service.GameService         : 1 games was found
2021-03-27 20:59:09.906  INFO 166854 --- [http-nio-8082-exec-8] com.iit.lab2.service.GameService         : 1 games was found
2021-03-27 20:59:10.126  INFO 166854 --- [http-nio-8082-exec-10] com.iit.lab2.service.GameService         : 1 games was found
2021-03-27 20:59:10.379  INFO 166854 --- [http-nio-8082-exec-3] com.iit.lab2.service.GameService         : 1 games was found
2021-03-27 20:59:12.505  INFO 166854 --- [Thread-3] o.s.s.concurrent.ThreadPoolTaskExecutor  : Shutting down ExecutorService 'applicationTaskExecutor'
2021-03-27 20:59:12.507  INFO 166854 --- [Thread-3] j.LocalContainerEntityManagerFactoryBean : Closing JPA EntityManagerFactory for persistence unit 'default'
2021-03-27 20:59:12.510  INFO 166854 --- [Thread-3] com.zaxxer.hikari.HikariDataSource       : HikariPool-1 - Shutdown initiated...
2021-03-27 20:59:12.521  INFO 166854 --- [Thread-3] com.zaxxer.hikari.HikariDataSource       : HikariPool-1 - Shutdown completed.
2021-03-27 20:59:16.008  INFO 167090 --- [main] com.iit.lab2.Lab2Application             : Starting Lab2Application on alex-ThinkPad-L380 with PID 167090 (/home/alex/IdeaProjects/AIPOSIZI/lab-2/target/classes started by alex in /home/alex/IdeaProjects/AIPOSIZI/lab-2)
2021-03-27 20:59:16.011  INFO 167090 --- [main] com.iit.lab2.Lab2Application             : No active profile set, falling back to default profiles: default
2021-03-27 20:59:16.844  INFO 167090 --- [main] .s.d.r.c.RepositoryConfigurationDelegate : Bootstrapping Spring Data repositories in DEFAULT mode.
2021-03-27 20:59:16.901  INFO 167090 --- [main] .s.d.r.c.RepositoryConfigurationDelegate : Finished Spring Data repository scanning in 49ms. Found 4 repository interfaces.
2021-03-27 20:59:17.171  INFO 167090 --- [main] trationDelegate$BeanPostProcessorChecker : Bean 'org.springframework.transaction.annotation.ProxyTransactionManagementConfiguration' of type [org.springframework.transaction.annotation.ProxyTransactionManagementConfiguration$$EnhancerBySpringCGLIB$$d2aee58] is not eligible for getting processed by all BeanPostProcessors (for example: not eligible for auto-proxying)
2021-03-27 20:59:17.374  INFO 167090 --- [main] o.s.b.w.embedded.tomcat.TomcatWebServer  : Tomcat initialized with port(s): 8082 (http)
2021-03-27 20:59:17.398  INFO 167090 --- [main] o.apache.catalina.core.StandardService   : Starting service [Tomcat]
2021-03-27 20:59:17.398  INFO 167090 --- [main] org.apache.catalina.core.StandardEngine  : Starting Servlet engine: [Apache Tomcat/9.0.24]
2021-03-27 20:59:17.497  INFO 167090 --- [main] o.a.c.c.C.[Tomcat].[localhost].[/]       : Initializing Spring embedded WebApplicationContext
2021-03-27 20:59:17.610  INFO 167090 --- [main] com.zaxxer.hikari.HikariDataSource       : HikariPool-1 - Starting...
2021-03-27 20:59:17.669  INFO 167090 --- [main] com.zaxxer.hikari.HikariDataSource       : HikariPool-1 - Start completed.
2021-03-27 20:59:17.705  INFO 167090 --- [main] o.hibernate.jpa.internal.util.LogHelper  : HHH000204: Processing PersistenceUnitInfo [
	name: default
	...]
2021-03-27 20:59:17.745  INFO 167090 --- [main] org.hibernate.Version                    : HHH000412: Hibernate Core {5.3.11.Final}
2021-03-27 20:59:17.746  INFO 167090 --- [main] org.hibernate.cfg.Environment            : HHH000206: hibernate.properties not found
2021-03-27 20:59:17.836  INFO 167090 --- [main] o.hibernate.annotations.common.Version   : HCANN000001: Hibernate Commons Annotations {5.0.4.Final}
2021-03-27 20:59:17.939  INFO 167090 --- [main] org.hibernate.dialect.Dialect            : HHH000400: Using dialect: org.hibernate.dialect.PostgreSQL95Dialect
2021-03-27 20:59:18.005  INFO 167090 --- [main] o.h.e.j.e.i.LobCreatorBuilderImpl        : HHH000421: Disabling contextual LOB creation as hibernate.jdbc.lob.non_contextual_creation is true
2021-03-27 20:59:18.008  INFO 167090 --- [main] org.hibernate.type.BasicTypeRegistry     : HHH000270: Type registration [java.util.UUID] overrides previous : org.hibernate.type.UUIDBinaryType@37775bb1
2021-03-27 20:59:18.523  INFO 167090 --- [main] j.LocalContainerEntityManagerFactoryBean : Initialized JPA EntityManagerFactory for persistence unit 'default'
2021-03-27 20:59:19.331  INFO 167090 --- [main] o.s.s.concurrent.ThreadPoolTaskExecutor  : Initializing ExecutorService 'applicationTaskExecutor'
2021-03-27 20:59:19.355  WARN 167090 --- [main] aWebConfiguration$JpaWebMvcConfiguration : spring.jpa.open-in-view is enabled by default. Therefore, database queries may be performed during view rendering. Explicitly configure spring.jpa.open-in-view to disable this warning
2021-03-27 20:59:19.418  WARN 167090 --- [main] ion$DefaultTemplateResolverConfiguration : Cannot find template location: classpath:/templates/ (please add some templates or check your Thymeleaf configuration)
2021-03-27 20:59:19.519  INFO 167090 --- [main] o.s.b.w.embedded.tomcat.TomcatWebServer  : Tomcat started on port(s): 8082 (http) with context path ''
2021-03-27 20:59:19.522  INFO 167090 --- [main] com.iit.lab2.Lab2Application             : Started Lab2Application in 3.934 seconds (JVM running for 4.6)
2021-03-27 20:59:21.778  INFO 167090 --- [http-nio-8082-exec-1] o.a.c.c.C.[Tomcat].[localhost].[/]       : Initializing Spring DispatcherServlet 'dispatcherServlet'
2021-03-27 20:59:21.841  INFO 167090 --- [http-nio-8082-exec-1] o.h.h.i.QueryTranslatorFactoryInitiator  : HHH000397: Using ASTQueryTranslatorFactory
2021-03-27 20:59:21.953  INFO 167090 --- [http-nio-8082-exec-1] com.iit.lab2.service.GameService         : 1 games was found
2021-03-27 20:59:22.446  INFO 167090 --- [http-nio-8082-exec-3] com.iit.lab2.service.GameService         : 1 games was found
2021-03-27 20:59:22.674  INFO 167090 --- [http-nio-8082-exec-7] com.iit.lab2.service.GameService         : 1 games was found
2021-03-27 20:59:24.662  INFO 167090 --- [Thread-3] o.s.s.concurrent.ThreadPoolTaskExecutor  : Shutting down ExecutorService 'applicationTaskExecutor'
2021-03-27 20:59:24.664  INFO 167090 --- [Thread-3] j.LocalContainerEntityManagerFactoryBean : Closing JPA EntityManagerFactory for persistence unit 'default'
2021-03-27 20:59:24.667  INFO 167090 --- [Thread-3] com.zaxxer.hikari.HikariDataSource       : HikariPool-1 - Shutdown initiated...
2021-03-27 20:59:24.673  INFO 167090 --- [Thread-3] com.zaxxer.hikari.HikariDataSource       : HikariPool-1 - Shutdown completed.
2021-03-27 20:59:55.030  INFO 167361 --- [main] com.iit.lab2.Lab2Application             : Starting Lab2Application on alex-ThinkPad-L380 with PID 167361 (/home/alex/IdeaProjects/AIPOSIZI/lab-2/target/classes started by alex in /home/alex/IdeaProjects/AIPOSIZI/lab-2)
2021-03-27 20:59:55.033  INFO 167361 --- [main] com.iit.lab2.Lab2Application             : No active profile set, falling back to default profiles: default
2021-03-27 20:59:55.826  INFO 167361 --- [main] .s.d.r.c.RepositoryConfigurationDelegate : Bootstrapping Spring Data repositories in DEFAULT mode.
2021-03-27 20:59:55.878  INFO 167361 --- [main] .s.d.r.c.RepositoryConfigurationDelegate : Finished Spring Data repository scanning in 45ms. Found 4 repository interfaces.
2021-03-27 20:59:56.113  INFO 167361 --- [main] trationDelegate$BeanPostProcessorChecker : Bean 'org.springframework.transaction.annotation.ProxyTransactionManagementConfiguration' of type [org.springframework.transaction.annotation.ProxyTransactionManagementConfiguration$$EnhancerBySpringCGLIB$$bf3a1168] is not eligible for getting processed by all BeanPostProcessors (for example: not eligible for auto-proxying)
2021-03-27 20:59:56.307  INFO 167361 --- [main] o.s.b.w.embedded.tomcat.TomcatWebServer  : Tomcat initialized with port(s): 8082 (http)
2021-03-27 20:59:56.329  INFO 167361 --- [main] o.apache.catalina.core.StandardService   : Starting service [Tomcat]
2021-03-27 20:59:56.329  INFO 167361 --- [main] org.apache.catalina.core.StandardEngine  : Starting Servlet engine: [Apache Tomcat/9.0.24]
2021-03-27 20:59:56.428  INFO 167361 --- [main] o.a.c.c.C.[Tomcat].[localhost].[/]       : Initializing Spring embedded WebApplicationContext
2021-03-27 20:59:56.529  INFO 167361 --- [main] com.zaxxer.hikari.HikariDataSource       : HikariPool-1 - Starting...
2021-03-27 20:59:56.574  INFO 167361 --- [main] com.zaxxer.hikari.HikariDataSource       : HikariPool-1 - Start completed.
2021-03-27 20:59:56.605  INFO 167361 --- [main] o.hibernate.jpa.internal.util.LogHelper  : HHH000204: Processing PersistenceUnitInfo [
	name: default
	...]
2021-03-27 20:59:56.637  INFO 167361 --- [main] org.hibernate.Version                    : HHH000412: Hibernate Core {5.3.11.Final}
2021-03-27 20:59:56.638  INFO 167361 --- [main] org.hibernate.cfg.Environment            : HHH000206: hibernate.properties not found
2021-03-27 20:59:56.704  INFO 167361 --- [main] o.hibernate.annotations.common.Version   : HCANN000001: Hibernate Commons Annotations {5.0.4.Final}
2021-03-27 20:59:56.802  INFO 167361 --- [main] org.hibernate.dialect.Dialect            : HHH000400: Using dialect: org.hibernate.dialect.PostgreSQL95Dialect
2021-03-27 20:59:56.863  INFO 167361 --- [main] o.h.e.j.e.i.LobCreatorBuilderImpl        : HHH000421: Disabling contextual LOB creation as hibernate.jdbc.lob.non_contextual_creation is true
2021-03-27 20:59:56.867  INFO 167361 --- [main] org.hibernate.type.BasicTypeRegistry     : HHH000270: Type registration [java.util.UUID] overrides previous : org.hibernate.type.UUIDBinaryType@5384ce66
2021-03-27 20:59:57.273  INFO 167361 --- [main] j.LocalContainerEntityManagerFactoryBean : Initialized JPA EntityManagerFactory for persistence unit 'default'
2021-03-27 20:59:58.031  INFO 167361 --- [main] o.s.s.concurrent.ThreadPoolTaskExecutor  : Initializing ExecutorService 'applicationTaskExecutor'
2021-03-27 20:59:58.059  WARN 167361 --- [main] aWebConfiguration$JpaWebMvcConfiguration : spring.jpa.open-in-view is enabled by default. Therefore, database queries may be performed during view rendering. Explicitly configure spring.jpa.open-in-view to disable this warning
2021-03-27 20:59:58.122  WARN 167361 --- [main] ion$DefaultTemplateResolverConfiguration : Cannot find template location: classpath:/templates/ (please add some templates or check your Thymeleaf configuration)
2021-03-27 20:59:58.223  INFO 167361 --- [main] o.s.b.w.embedded.tomcat.TomcatWebServer  : Tomcat started on port(s): 8082 (http) with context path ''
2021-03-27 20:59:58.225  INFO 167361 --- [main] com.iit.lab2.Lab2Application             : Started Lab2Application in 3.579 seconds (JVM running for 4.193)
2021-03-27 20:59:59.906  INFO 167361 --- [http-nio-8082-exec-1] o.a.c.c.C.[Tomcat].[localhost].[/]       : Initializing Spring DispatcherServlet 'dispatcherServlet'
2021-03-27 20:59:59.959  INFO 167361 --- [http-nio-8082-exec-1] o.h.h.i.QueryTranslatorFactoryInitiator  : HHH000397: Using ASTQueryTranslatorFactory
2021-03-27 21:00:00.064  INFO 167361 --- [http-nio-8082-exec-1] com.iit.lab2.service.GameService         : 1 games was found
2021-03-27 21:00:03.698  INFO 167361 --- [http-nio-8082-exec-5] com.iit.lab2.service.GameService         : Game with id 1 was found
2021-03-27 21:00:07.707  INFO 167361 --- [http-nio-8082-exec-8] com.iit.lab2.service.GameService         : Game with id 1 was found
2021-03-27 21:00:08.402 ERROR 167361 --- [http-nio-8082-exec-8] o.a.c.c.C.[.[.[/].[dispatcherServlet]    : Servlet.service() for servlet [dispatcherServlet] in context with path [] threw exception [Request processing failed; nested exception is java.lang.ClassCastException: class com.iit.lab2.response.Response cannot be cast to class [B (com.iit.lab2.response.Response is in unnamed module of loader 'app'; [B is in module java.base of loader 'bootstrap')] with root cause

java.lang.ClassCastException: class com.iit.lab2.response.Response cannot be cast to class [B (com.iit.lab2.response.Response is in unnamed module of loader 'app'; [B is in module java.base of loader 'bootstrap')
	at org.springframework.http.converter.ByteArrayHttpMessageConverter.getContentLength(ByteArrayHttpMessageConverter.java:39) ~[spring-web-5.1.9.RELEASE.jar:5.1.9.RELEASE]
	at org.springframework.http.converter.AbstractHttpMessageConverter.addDefaultHeaders(AbstractHttpMessageConverter.java:260) ~[spring-web-5.1.9.RELEASE.jar:5.1.9.RELEASE]
	at org.springframework.http.converter.AbstractHttpMessageConverter.write(AbstractHttpMessageConverter.java:211) ~[spring-web-5.1.9.RELEASE.jar:5.1.9.RELEASE]
	at org.springframework.web.servlet.mvc.method.annotation.AbstractMessageConverterMethodProcessor.writeWithMessageConverters(AbstractMessageConverterMethodProcessor.java:293) ~[spring-webmvc-5.1.9.RELEASE.jar:5.1.9.RELEASE]
	at org.springframework.web.servlet.mvc.method.annotation.RequestResponseBodyMethodProcessor.handleReturnValue(RequestResponseBodyMethodProcessor.java:180) ~[spring-webmvc-5.1.9.RELEASE.jar:5.1.9.RELEASE]
	at org.springframework.web.method.support.HandlerMethodReturnValueHandlerComposite.handleReturnValue(HandlerMethodReturnValueHandlerComposite.java:82) ~[spring-web-5.1.9.RELEASE.jar:5.1.9.RELEASE]
	at org.springframework.web.servlet.mvc.method.annotation.ServletInvocableHandlerMethod.invokeAndHandle(ServletInvocableHandlerMethod.java:122) ~[spring-webmvc-5.1.9.RELEASE.jar:5.1.9.RELEASE]
	at org.springframework.web.servlet.mvc.method.annotation.RequestMappingHandlerAdapter.invokeHandlerMethod(RequestMappingHandlerAdapter.java:892) ~[spring-webmvc-5.1.9.RELEASE.jar:5.1.9.RELEASE]
	at org.springframework.web.servlet.mvc.method.annotation.RequestMappingHandlerAdapter.handleInternal(RequestMappingHandlerAdapter.java:797) ~[spring-webmvc-5.1.9.RELEASE.jar:5.1.9.RELEASE]
	at org.springframework.web.servlet.mvc.method.AbstractHandlerMethodAdapter.handle(AbstractHandlerMethodAdapter.java:87) ~[spring-webmvc-5.1.9.RELEASE.jar:5.1.9.RELEASE]
	at org.springframework.web.servlet.DispatcherServlet.doDispatch(DispatcherServlet.java:1039) ~[spring-webmvc-5.1.9.RELEASE.jar:5.1.9.RELEASE]
	at org.springframework.web.servlet.DispatcherServlet.doService(DispatcherServlet.java:942) ~[spring-webmvc-5.1.9.RELEASE.jar:5.1.9.RELEASE]
	at org.springframework.web.servlet.FrameworkServlet.processRequest(FrameworkServlet.java:1005) ~[spring-webmvc-5.1.9.RELEASE.jar:5.1.9.RELEASE]
	at org.springframework.web.servlet.FrameworkServlet.doGet(FrameworkServlet.java:897) ~[spring-webmvc-5.1.9.RELEASE.jar:5.1.9.RELEASE]
	at javax.servlet.http.HttpServlet.service(HttpServlet.java:634) ~[tomcat-embed-core-9.0.24.jar:9.0.24]
	at org.springframework.web.servlet.FrameworkServlet.service(FrameworkServlet.java:882) ~[spring-webmvc-5.1.9.RELEASE.jar:5.1.9.RELEASE]
	at javax.servlet.http.HttpServlet.service(HttpServlet.java:741) ~[tomcat-embed-core-9.0.24.jar:9.0.24]
	at org.apache.catalina.core.ApplicationFilterChain.internalDoFilter(ApplicationFilterChain.java:231) ~[tomcat-embed-core-9.0.24.jar:9.0.24]
	at org.apache.catalina.core.ApplicationFilterChain.doFilter(ApplicationFilterChain.java:166) ~[tomcat-embed-core-9.0.24.jar:9.0.24]
	at org.apache.tomcat.websocket.server.WsFilter.doFilter(WsFilter.java:53) ~[tomcat-embed-websocket-9.0.24.jar:9.0.24]
	at org.apache.catalina.core.ApplicationFilterChain.internalDoFilter(ApplicationFilterChain.java:193) ~[tomcat-embed-core-9.0.24.jar:9.0.24]
	at org.apache.catalina.core.ApplicationFilterChain.doFilter(ApplicationFilterChain.java:166) ~[tomcat-embed-core-9.0.24.jar:9.0.24]
	at org.springframework.web.filter.RequestContextFilter.doFilterInternal(RequestContextFilter.java:99) ~[spring-web-5.1.9.RELEASE.jar:5.1.9.RELEASE]
	at org.springframework.web.filter.OncePerRequestFilter.doFilter(OncePerRequestFilter.java:118) ~[spring-web-5.1.9.RELEASE.jar:5.1.9.RELEASE]
	at org.apache.catalina.core.ApplicationFilterChain.internalDoFilter(ApplicationFilterChain.java:193) ~[tomcat-embed-core-9.0.24.jar:9.0.24]
	at org.apache.catalina.core.ApplicationFilterChain.doFilter(ApplicationFilterChain.java:166) ~[tomcat-embed-core-9.0.24.jar:9.0.24]
	at org.springframework.web.filter.FormContentFilter.doFilterInternal(FormContentFilter.java:92) ~[spring-web-5.1.9.RELEASE.jar:5.1.9.RELEASE]
	at org.springframework.web.filter.OncePerRequestFilter.doFilter(OncePerRequestFilter.java:118) ~[spring-web-5.1.9.RELEASE.jar:5.1.9.RELEASE]
	at org.apache.catalina.core.ApplicationFilterChain.internalDoFilter(ApplicationFilterChain.java:193) ~[tomcat-embed-core-9.0.24.jar:9.0.24]
	at org.apache.catalina.core.ApplicationFilterChain.doFilter(ApplicationFilterChain.java:166) ~[tomcat-embed-core-9.0.24.jar:9.0.24]
	at org.springframework.web.filter.HiddenHttpMethodFilter.doFilterInternal(HiddenHttpMethodFilter.java:93) ~[spring-web-5.1.9.RELEASE.jar:5.1.9.RELEASE]
	at org.springframework.web.filter.OncePerRequestFilter.doFilter(OncePerRequestFilter.java:118) ~[spring-web-5.1.9.RELEASE.jar:5.1.9.RELEASE]
	at org.apache.catalina.core.ApplicationFilterChain.internalDoFilter(ApplicationFilterChain.java:193) ~[tomcat-embed-core-9.0.24.jar:9.0.24]
	at org.apache.catalina.core.ApplicationFilterChain.doFilter(ApplicationFilterChain.java:166) ~[tomcat-embed-core-9.0.24.jar:9.0.24]
	at org.springframework.web.filter.CharacterEncodingFilter.doFilterInternal(CharacterEncodingFilter.java:200) ~[spring-web-5.1.9.RELEASE.jar:5.1.9.RELEASE]
	at org.springframework.web.filter.OncePerRequestFilter.doFilter(OncePerRequestFilter.java:118) ~[spring-web-5.1.9.RELEASE.jar:5.1.9.RELEASE]
	at org.apache.catalina.core.ApplicationFilterChain.internalDoFilter(ApplicationFilterChain.java:193) ~[tomcat-embed-core-9.0.24.jar:9.0.24]
	at org.apache.catalina.core.ApplicationFilterChain.doFilter(ApplicationFilterChain.java:166) ~[tomcat-embed-core-9.0.24.jar:9.0.24]
	at org.apache.catalina.core.StandardWrapperValve.invoke(StandardWrapperValve.java:202) ~[tomcat-embed-core-9.0.24.jar:9.0.24]
	at org.apache.catalina.core.StandardContextValve.invoke(StandardContextValve.java:96) ~[tomcat-embed-core-9.0.24.jar:9.0.24]
	at org.apache.catalina.authenticator.AuthenticatorBase.invoke(AuthenticatorBase.java:526) ~[tomcat-embed-core-9.0.24.jar:9.0.24]
	at org.apache.catalina.core.StandardHostValve.invoke(StandardHostValve.java:139) ~[tomcat-embed-core-9.0.24.jar:9.0.24]
	at org.apache.catalina.valves.ErrorReportValve.invoke(ErrorReportValve.java:92) ~[tomcat-embed-core-9.0.24.jar:9.0.24]
	at org.apache.catalina.core.StandardEngineValve.invoke(StandardEngineValve.java:74) ~[tomcat-embed-core-9.0.24.jar:9.0.24]
	at org.apache.catalina.connector.CoyoteAdapter.service(CoyoteAdapter.java:343) ~[tomcat-embed-core-9.0.24.jar:9.0.24]
	at org.apache.coyote.http11.Http11Processor.service(Http11Processor.java:408) ~[tomcat-embed-core-9.0.24.jar:9.0.24]
	at org.apache.coyote.AbstractProcessorLight.process(AbstractProcessorLight.java:66) ~[tomcat-embed-core-9.0.24.jar:9.0.24]
	at org.apache.coyote.AbstractProtocol$ConnectionHandler.process(AbstractProtocol.java:860) ~[tomcat-embed-core-9.0.24.jar:9.0.24]
	at org.apache.tomcat.util.net.NioEndpoint$SocketProcessor.doRun(NioEndpoint.java:1587) ~[tomcat-embed-core-9.0.24.jar:9.0.24]
	at org.apache.tomcat.util.net.SocketProcessorBase.run(SocketProcessorBase.java:49) ~[tomcat-embed-core-9.0.24.jar:9.0.24]
	at java.base/java.util.concurrent.ThreadPoolExecutor.runWorker(ThreadPoolExecutor.java:1128) ~[na:na]
	at java.base/java.util.concurrent.ThreadPoolExecutor$Worker.run(ThreadPoolExecutor.java:628) ~[na:na]
	at org.apache.tomcat.util.threads.TaskThread$WrappingRunnable.run(TaskThread.java:61) ~[tomcat-embed-core-9.0.24.jar:9.0.24]
	at java.base/java.lang.Thread.run(Thread.java:834) ~[na:na]

2021-03-27 21:00:32.955  INFO 167361 --- [Thread-3] o.s.s.concurrent.ThreadPoolTaskExecutor  : Shutting down ExecutorService 'applicationTaskExecutor'
2021-03-27 21:00:32.959  INFO 167361 --- [Thread-3] j.LocalContainerEntityManagerFactoryBean : Closing JPA EntityManagerFactory for persistence unit 'default'
2021-03-27 21:00:32.961  INFO 167361 --- [Thread-3] com.zaxxer.hikari.HikariDataSource       : HikariPool-1 - Shutdown initiated...
2021-03-27 21:00:32.969  INFO 167361 --- [Thread-3] com.zaxxer.hikari.HikariDataSource       : HikariPool-1 - Shutdown completed.
2021-03-27 21:00:36.712  INFO 167531 --- [main] com.iit.lab2.Lab2Application             : Starting Lab2Application on alex-ThinkPad-L380 with PID 167531 (/home/alex/IdeaProjects/AIPOSIZI/lab-2/target/classes started by alex in /home/alex/IdeaProjects/AIPOSIZI/lab-2)
2021-03-27 21:00:36.714  INFO 167531 --- [main] com.iit.lab2.Lab2Application             : No active profile set, falling back to default profiles: default
2021-03-27 21:00:37.457  INFO 167531 --- [main] .s.d.r.c.RepositoryConfigurationDelegate : Bootstrapping Spring Data repositories in DEFAULT mode.
2021-03-27 21:00:37.508  INFO 167531 --- [main] .s.d.r.c.RepositoryConfigurationDelegate : Finished Spring Data repository scanning in 46ms. Found 4 repository interfaces.
2021-03-27 21:00:37.775  INFO 167531 --- [main] trationDelegate$BeanPostProcessorChecker : Bean 'org.springframework.transaction.annotation.ProxyTransactionManagementConfiguration' of type [org.springframework.transaction.annotation.ProxyTransactionManagementConfiguration$$EnhancerBySpringCGLIB$$47ec34bf] is not eligible for getting processed by all BeanPostProcessors (for example: not eligible for auto-proxying)
2021-03-27 21:00:37.971  INFO 167531 --- [main] o.s.b.w.embedded.tomcat.TomcatWebServer  : Tomcat initialized with port(s): 8082 (http)
2021-03-27 21:00:37.994  INFO 167531 --- [main] o.apache.catalina.core.StandardService   : Starting service [Tomcat]
2021-03-27 21:00:37.995  INFO 167531 --- [main] org.apache.catalina.core.StandardEngine  : Starting Servlet engine: [Apache Tomcat/9.0.24]
2021-03-27 21:00:38.093  INFO 167531 --- [main] o.a.c.c.C.[Tomcat].[localhost].[/]       : Initializing Spring embedded WebApplicationContext
2021-03-27 21:00:38.214  INFO 167531 --- [main] com.zaxxer.hikari.HikariDataSource       : HikariPool-1 - Starting...
2021-03-27 21:00:38.260  INFO 167531 --- [main] com.zaxxer.hikari.HikariDataSource       : HikariPool-1 - Start completed.
2021-03-27 21:00:38.291  INFO 167531 --- [main] o.hibernate.jpa.internal.util.LogHelper  : HHH000204: Processing PersistenceUnitInfo [
	name: default
	...]
2021-03-27 21:00:38.325  INFO 167531 --- [main] org.hibernate.Version                    : HHH000412: Hibernate Core {5.3.11.Final}
2021-03-27 21:00:38.326  INFO 167531 --- [main] org.hibernate.cfg.Environment            : HHH000206: hibernate.properties not found
2021-03-27 21:00:38.398  INFO 167531 --- [main] o.hibernate.annotations.common.Version   : HCANN000001: Hibernate Commons Annotations {5.0.4.Final}
2021-03-27 21:00:38.500  INFO 167531 --- [main] org.hibernate.dialect.Dialect            : HHH000400: Using dialect: org.hibernate.dialect.PostgreSQL95Dialect
2021-03-27 21:00:38.562  INFO 167531 --- [main] o.h.e.j.e.i.LobCreatorBuilderImpl        : HHH000421: Disabling contextual LOB creation as hibernate.jdbc.lob.non_contextual_creation is true
2021-03-27 21:00:38.565  INFO 167531 --- [main] org.hibernate.type.BasicTypeRegistry     : HHH000270: Type registration [java.util.UUID] overrides previous : org.hibernate.type.UUIDBinaryType@13192275
2021-03-27 21:00:39.004  INFO 167531 --- [main] j.LocalContainerEntityManagerFactoryBean : Initialized JPA EntityManagerFactory for persistence unit 'default'
2021-03-27 21:00:39.807  INFO 167531 --- [main] o.s.s.concurrent.ThreadPoolTaskExecutor  : Initializing ExecutorService 'applicationTaskExecutor'
2021-03-27 21:00:39.835  WARN 167531 --- [main] aWebConfiguration$JpaWebMvcConfiguration : spring.jpa.open-in-view is enabled by default. Therefore, database queries may be performed during view rendering. Explicitly configure spring.jpa.open-in-view to disable this warning
2021-03-27 21:00:39.901  WARN 167531 --- [main] ion$DefaultTemplateResolverConfiguration : Cannot find template location: classpath:/templates/ (please add some templates or check your Thymeleaf configuration)
2021-03-27 21:00:40.005  INFO 167531 --- [main] o.s.b.w.embedded.tomcat.TomcatWebServer  : Tomcat started on port(s): 8082 (http) with context path ''
2021-03-27 21:00:40.007  INFO 167531 --- [main] com.iit.lab2.Lab2Application             : Started Lab2Application in 3.687 seconds (JVM running for 4.366)
2021-03-27 21:00:44.898  INFO 167531 --- [http-nio-8082-exec-1] o.a.c.c.C.[Tomcat].[localhost].[/]       : Initializing Spring DispatcherServlet 'dispatcherServlet'
2021-03-27 21:00:44.973  INFO 167531 --- [http-nio-8082-exec-1] com.iit.lab2.service.GameService         : Game with id 1 was found
2021-03-27 21:00:45.818  INFO 167531 --- [http-nio-8082-exec-2] com.iit.lab2.service.GameService         : Game with id 1 was found
2021-03-27 21:01:21.919  INFO 167531 --- [http-nio-8082-exec-7] o.h.h.i.QueryTranslatorFactoryInitiator  : HHH000397: Using ASTQueryTranslatorFactory
2021-03-27 21:01:21.979  INFO 167531 --- [http-nio-8082-exec-7] com.iit.lab2.service.GameService         : 1 games was found
2021-03-27 21:02:37.712  INFO 167531 --- [http-nio-8082-exec-10] com.iit.lab2.service.GameService         : Game with id 1 was found
2021-03-27 21:02:37.722  INFO 167531 --- [http-nio-8082-exec-1] com.iit.lab2.service.GameService         : 1 games was found
2021-03-27 21:02:38.687  INFO 167531 --- [http-nio-8082-exec-2] com.iit.lab2.service.GameService         : 1 games was found
2021-03-27 21:02:38.728  INFO 167531 --- [http-nio-8082-exec-3] com.iit.lab2.service.GameService         : Game with id 1 was found
2021-03-27 21:02:39.636  INFO 167531 --- [http-nio-8082-exec-4] com.iit.lab2.service.GameService         : 1 games was found
2021-03-27 21:02:39.660  INFO 167531 --- [http-nio-8082-exec-6] com.iit.lab2.service.GameService         : Game with id 1 was found
2021-03-27 21:04:35.738  INFO 167531 --- [http-nio-8082-exec-8] com.iit.lab2.service.GameService         : 1 games was found
2021-03-27 21:04:38.728  INFO 167531 --- [http-nio-8082-exec-1] com.iit.lab2.service.GameService         : 1 games was found
2021-03-27 21:04:42.715  INFO 167531 --- [http-nio-8082-exec-2] com.iit.lab2.service.GameService         : 1 games was found
2021-03-27 21:04:51.728  INFO 167531 --- [http-nio-8082-exec-4] com.iit.lab2.service.GameService         : 1 games was found
2021-03-27 21:05:00.761  INFO 167531 --- [http-nio-8082-exec-5] com.iit.lab2.service.GameService         : 1 games was found
2021-03-27 21:05:07.730  INFO 167531 --- [http-nio-8082-exec-8] com.iit.lab2.service.GameService         : 1 games was found
2021-03-27 21:05:14.713  INFO 167531 --- [http-nio-8082-exec-1] com.iit.lab2.service.GameService         : 1 games was found
2021-03-27 21:06:15.723  INFO 167531 --- [http-nio-8082-exec-2] com.iit.lab2.service.GameService         : 1 games was found
2021-03-27 21:06:20.716  INFO 167531 --- [http-nio-8082-exec-4] com.iit.lab2.service.GameService         : 1 games was found
2021-03-27 21:06:40.710  INFO 167531 --- [http-nio-8082-exec-5] com.iit.lab2.service.GameService         : 1 games was found
2021-03-27 21:07:16.724  INFO 167531 --- [http-nio-8082-exec-8] com.iit.lab2.service.GameService         : 1 games was found
2021-03-27 21:07:19.375  INFO 167531 --- [http-nio-8082-exec-1] com.iit.lab2.service.GameService         : 1 games was found
2021-03-27 21:07:19.411  INFO 167531 --- [http-nio-8082-exec-10] com.iit.lab2.service.GameService         : Game with id 1 was found
2021-03-27 21:08:52.743  INFO 167531 --- [http-nio-8082-exec-4] com.iit.lab2.service.GameService         : 2 games was found
2021-03-27 21:08:52.799  INFO 167531 --- [http-nio-8082-exec-6] com.iit.lab2.service.GameService         : Game with id 1 was found
2021-03-27 21:08:52.810  INFO 167531 --- [http-nio-8082-exec-5] com.iit.lab2.service.GameService         : Game with id 3 was found
2021-03-27 21:09:00.553  INFO 167531 --- [http-nio-8082-exec-10] com.iit.lab2.service.GameService         : 2 games was found
2021-03-27 21:09:00.577  INFO 167531 --- [http-nio-8082-exec-2] com.iit.lab2.service.GameService         : Game with id 1 was found
2021-03-27 21:09:00.585  INFO 167531 --- [http-nio-8082-exec-3] com.iit.lab2.service.GameService         : Game with id 3 was found
2021-03-27 21:09:05.398  INFO 167531 --- [http-nio-8082-exec-8] com.iit.lab2.service.GameService         : 2 games was found
2021-03-27 21:09:05.431  INFO 167531 --- [http-nio-8082-exec-7] com.iit.lab2.service.GameService         : Game with id 1 was found
2021-03-27 21:09:05.438  INFO 167531 --- [http-nio-8082-exec-9] com.iit.lab2.service.GameService         : Game with id 3 was found
2021-03-27 21:10:44.244  INFO 167531 --- [Thread-3] o.s.s.concurrent.ThreadPoolTaskExecutor  : Shutting down ExecutorService 'applicationTaskExecutor'
2021-03-27 21:10:44.246  INFO 167531 --- [Thread-3] j.LocalContainerEntityManagerFactoryBean : Closing JPA EntityManagerFactory for persistence unit 'default'
2021-03-27 21:10:44.252  INFO 167531 --- [Thread-3] com.zaxxer.hikari.HikariDataSource       : HikariPool-1 - Shutdown initiated...
2021-03-27 21:10:44.261  INFO 167531 --- [Thread-3] com.zaxxer.hikari.HikariDataSource       : HikariPool-1 - Shutdown completed.
2021-03-27 21:10:47.583  INFO 168783 --- [main] com.iit.lab2.Lab2Application             : Starting Lab2Application on alex-ThinkPad-L380 with PID 168783 (/home/alex/IdeaProjects/AIPOSIZI/lab-2/target/classes started by alex in /home/alex/IdeaProjects/AIPOSIZI/lab-2)
2021-03-27 21:10:47.587  INFO 168783 --- [main] com.iit.lab2.Lab2Application             : No active profile set, falling back to default profiles: default
2021-03-27 21:10:48.492  INFO 168783 --- [main] .s.d.r.c.RepositoryConfigurationDelegate : Bootstrapping Spring Data repositories in DEFAULT mode.
2021-03-27 21:10:48.556  INFO 168783 --- [main] .s.d.r.c.RepositoryConfigurationDelegate : Finished Spring Data repository scanning in 55ms. Found 4 repository interfaces.
2021-03-27 21:10:48.905  INFO 168783 --- [main] trationDelegate$BeanPostProcessorChecker : Bean 'org.springframework.transaction.annotation.ProxyTransactionManagementConfiguration' of type [org.springframework.transaction.annotation.ProxyTransactionManagementConfiguration$$EnhancerBySpringCGLIB$$ba85943f] is not eligible for getting processed by all BeanPostProcessors (for example: not eligible for auto-proxying)
2021-03-27 21:10:49.179  INFO 168783 --- [main] o.s.b.w.embedded.tomcat.TomcatWebServer  : Tomcat initialized with port(s): 8082 (http)
2021-03-27 21:10:49.205  INFO 168783 --- [main] o.apache.catalina.core.StandardService   : Starting service [Tomcat]
2021-03-27 21:10:49.205  INFO 168783 --- [main] org.apache.catalina.core.StandardEngine  : Starting Servlet engine: [Apache Tomcat/9.0.24]
2021-03-27 21:10:49.318  INFO 168783 --- [main] o.a.c.c.C.[Tomcat].[localhost].[/]       : Initializing Spring embedded WebApplicationContext
2021-03-27 21:10:49.448  INFO 168783 --- [main] com.zaxxer.hikari.HikariDataSource       : HikariPool-1 - Starting...
2021-03-27 21:10:49.501  INFO 168783 --- [main] com.zaxxer.hikari.HikariDataSource       : HikariPool-1 - Start completed.
2021-03-27 21:10:49.538  INFO 168783 --- [main] o.hibernate.jpa.internal.util.LogHelper  : HHH000204: Processing PersistenceUnitInfo [
	name: default
	...]
2021-03-27 21:10:49.588  INFO 168783 --- [main] org.hibernate.Version                    : HHH000412: Hibernate Core {5.3.11.Final}
2021-03-27 21:10:49.589  INFO 168783 --- [main] org.hibernate.cfg.Environment            : HHH000206: hibernate.properties not found
2021-03-27 21:10:49.729  INFO 168783 --- [main] o.hibernate.annotations.common.Version   : HCANN000001: Hibernate Commons Annotations {5.0.4.Final}
2021-03-27 21:10:49.820  INFO 168783 --- [main] org.hibernate.dialect.Dialect            : HHH000400: Using dialect: org.hibernate.dialect.PostgreSQL95Dialect
2021-03-27 21:10:49.884  INFO 168783 --- [main] o.h.e.j.e.i.LobCreatorBuilderImpl        : HHH000421: Disabling contextual LOB creation as hibernate.jdbc.lob.non_contextual_creation is true
2021-03-27 21:10:49.888  INFO 168783 --- [main] org.hibernate.type.BasicTypeRegistry     : HHH000270: Type registration [java.util.UUID] overrides previous : org.hibernate.type.UUIDBinaryType@19526f1d
2021-03-27 21:10:50.392  INFO 168783 --- [main] j.LocalContainerEntityManagerFactoryBean : Initialized JPA EntityManagerFactory for persistence unit 'default'
2021-03-27 21:10:51.408  INFO 168783 --- [main] o.s.s.concurrent.ThreadPoolTaskExecutor  : Initializing ExecutorService 'applicationTaskExecutor'
2021-03-27 21:10:51.442  WARN 168783 --- [main] aWebConfiguration$JpaWebMvcConfiguration : spring.jpa.open-in-view is enabled by default. Therefore, database queries may be performed during view rendering. Explicitly configure spring.jpa.open-in-view to disable this warning
2021-03-27 21:10:51.515  WARN 168783 --- [main] ion$DefaultTemplateResolverConfiguration : Cannot find template location: classpath:/templates/ (please add some templates or check your Thymeleaf configuration)
2021-03-27 21:10:51.651  INFO 168783 --- [main] o.s.b.w.embedded.tomcat.TomcatWebServer  : Tomcat started on port(s): 8082 (http) with context path ''
2021-03-27 21:10:51.654  INFO 168783 --- [main] com.iit.lab2.Lab2Application             : Started Lab2Application in 4.584 seconds (JVM running for 5.493)
2021-03-27 21:11:05.096  INFO 168783 --- [http-nio-8082-exec-1] o.a.c.c.C.[Tomcat].[localhost].[/]       : Initializing Spring DispatcherServlet 'dispatcherServlet'
2021-03-27 21:12:34.417  INFO 168783 --- [http-nio-8082-exec-5] o.h.h.i.QueryTranslatorFactoryInitiator  : HHH000397: Using ASTQueryTranslatorFactory
2021-03-27 21:12:34.522  INFO 168783 --- [http-nio-8082-exec-5] com.iit.lab2.service.GameService         : 2 games was found
2021-03-27 21:12:34.885  INFO 168783 --- [http-nio-8082-exec-6] com.iit.lab2.service.GameService         : 2 games was found
2021-03-27 21:12:37.773  INFO 168783 --- [http-nio-8082-exec-7] com.iit.lab2.service.GameService         : Game with id 1 was found
2021-03-27 21:12:37.774  INFO 168783 --- [http-nio-8082-exec-8] com.iit.lab2.service.GameService         : Game with id 3 was found
2021-03-27 21:12:40.272  INFO 168783 --- [http-nio-8082-exec-10] com.iit.lab2.service.GameService         : 2 games was found
2021-03-27 21:12:44.012  INFO 168783 --- [http-nio-8082-exec-1] com.iit.lab2.service.GameService         : Game with id 1 was found
2021-03-27 21:12:44.168  INFO 168783 --- [http-nio-8082-exec-2] com.iit.lab2.service.GameService         : Game with id 3 was found
2021-03-27 21:12:48.223  INFO 168783 --- [Thread-3] o.s.s.concurrent.ThreadPoolTaskExecutor  : Shutting down ExecutorService 'applicationTaskExecutor'
2021-03-27 21:12:48.227  INFO 168783 --- [Thread-3] j.LocalContainerEntityManagerFactoryBean : Closing JPA EntityManagerFactory for persistence unit 'default'
2021-03-27 21:12:48.230  INFO 168783 --- [Thread-3] com.zaxxer.hikari.HikariDataSource       : HikariPool-1 - Shutdown initiated...
2021-03-27 21:12:48.236  INFO 168783 --- [Thread-3] com.zaxxer.hikari.HikariDataSource       : HikariPool-1 - Shutdown completed.
2021-03-27 21:12:51.137  INFO 169098 --- [main] com.iit.lab2.Lab2Application             : Starting Lab2Application on alex-ThinkPad-L380 with PID 169098 (/home/alex/IdeaProjects/AIPOSIZI/lab-2/target/classes started by alex in /home/alex/IdeaProjects/AIPOSIZI/lab-2)
2021-03-27 21:12:51.141  INFO 169098 --- [main] com.iit.lab2.Lab2Application             : No active profile set, falling back to default profiles: default
2021-03-27 21:12:52.006  INFO 169098 --- [main] .s.d.r.c.RepositoryConfigurationDelegate : Bootstrapping Spring Data repositories in DEFAULT mode.
2021-03-27 21:12:52.056  INFO 169098 --- [main] .s.d.r.c.RepositoryConfigurationDelegate : Finished Spring Data repository scanning in 44ms. Found 4 repository interfaces.
2021-03-27 21:12:52.312  INFO 169098 --- [main] trationDelegate$BeanPostProcessorChecker : Bean 'org.springframework.transaction.annotation.ProxyTransactionManagementConfiguration' of type [org.springframework.transaction.annotation.ProxyTransactionManagementConfiguration$$EnhancerBySpringCGLIB$$9b573f02] is not eligible for getting processed by all BeanPostProcessors (for example: not eligible for auto-proxying)
2021-03-27 21:12:52.506  INFO 169098 --- [main] o.s.b.w.embedded.tomcat.TomcatWebServer  : Tomcat initialized with port(s): 8082 (http)
2021-03-27 21:12:52.528  INFO 169098 --- [main] o.apache.catalina.core.StandardService   : Starting service [Tomcat]
2021-03-27 21:12:52.529  INFO 169098 --- [main] org.apache.catalina.core.StandardEngine  : Starting Servlet engine: [Apache Tomcat/9.0.24]
2021-03-27 21:12:52.634  INFO 169098 --- [main] o.a.c.c.C.[Tomcat].[localhost].[/]       : Initializing Spring embedded WebApplicationContext
2021-03-27 21:12:52.739  INFO 169098 --- [main] com.zaxxer.hikari.HikariDataSource       : HikariPool-1 - Starting...
2021-03-27 21:12:52.785  INFO 169098 --- [main] com.zaxxer.hikari.HikariDataSource       : HikariPool-1 - Start completed.
2021-03-27 21:12:52.817  INFO 169098 --- [main] o.hibernate.jpa.internal.util.LogHelper  : HHH000204: Processing PersistenceUnitInfo [
	name: default
	...]
2021-03-27 21:12:52.850  INFO 169098 --- [main] org.hibernate.Version                    : HHH000412: Hibernate Core {5.3.11.Final}
2021-03-27 21:12:52.851  INFO 169098 --- [main] org.hibernate.cfg.Environment            : HHH000206: hibernate.properties not found
2021-03-27 21:12:52.917  INFO 169098 --- [main] o.hibernate.annotations.common.Version   : HCANN000001: Hibernate Commons Annotations {5.0.4.Final}
2021-03-27 21:12:53.014  INFO 169098 --- [main] org.hibernate.dialect.Dialect            : HHH000400: Using dialect: org.hibernate.dialect.PostgreSQL95Dialect
2021-03-27 21:12:53.073  INFO 169098 --- [main] o.h.e.j.e.i.LobCreatorBuilderImpl        : HHH000421: Disabling contextual LOB creation as hibernate.jdbc.lob.non_contextual_creation is true
2021-03-27 21:12:53.076  INFO 169098 --- [main] org.hibernate.type.BasicTypeRegistry     : HHH000270: Type registration [java.util.UUID] overrides previous : org.hibernate.type.UUIDBinaryType@788e3702
2021-03-27 21:12:53.509  INFO 169098 --- [main] j.LocalContainerEntityManagerFactoryBean : Initialized JPA EntityManagerFactory for persistence unit 'default'
2021-03-27 21:12:54.286  INFO 169098 --- [main] o.s.s.concurrent.ThreadPoolTaskExecutor  : Initializing ExecutorService 'applicationTaskExecutor'
2021-03-27 21:12:54.313  WARN 169098 --- [main] aWebConfiguration$JpaWebMvcConfiguration : spring.jpa.open-in-view is enabled by default. Therefore, database queries may be performed during view rendering. Explicitly configure spring.jpa.open-in-view to disable this warning
2021-03-27 21:12:54.377  WARN 169098 --- [main] ion$DefaultTemplateResolverConfiguration : Cannot find template location: classpath:/templates/ (please add some templates or check your Thymeleaf configuration)
2021-03-27 21:12:54.477  INFO 169098 --- [main] o.s.b.w.embedded.tomcat.TomcatWebServer  : Tomcat started on port(s): 8082 (http) with context path ''
2021-03-27 21:12:54.480  INFO 169098 --- [main] com.iit.lab2.Lab2Application             : Started Lab2Application in 3.786 seconds (JVM running for 4.457)
2021-03-27 21:12:56.377  INFO 169098 --- [http-nio-8082-exec-1] o.a.c.c.C.[Tomcat].[localhost].[/]       : Initializing Spring DispatcherServlet 'dispatcherServlet'
2021-03-27 21:12:56.470  INFO 169098 --- [http-nio-8082-exec-1] o.h.h.i.QueryTranslatorFactoryInitiator  : HHH000397: Using ASTQueryTranslatorFactory
2021-03-27 21:12:56.623  INFO 169098 --- [http-nio-8082-exec-1] com.iit.lab2.service.GameService         : 2 games was found
2021-03-27 21:12:56.733  INFO 169098 --- [http-nio-8082-exec-3] com.iit.lab2.service.GameService         : Game with id 3 was found
2021-03-27 21:12:56.733  INFO 169098 --- [http-nio-8082-exec-2] com.iit.lab2.service.GameService         : Game with id 1 was found
2021-03-27 21:13:01.769  WARN 169098 --- [http-nio-8082-exec-7] c.amazonaws.services.s3.AmazonS3Client   : No content length specified for stream data.  Stream contents will be buffered in memory and could result in out of memory errors.
2021-03-27 21:13:04.150  INFO 169098 --- [http-nio-8082-exec-9] com.iit.lab2.service.GameService         : 2 games was found
2021-03-27 21:13:04.219  INFO 169098 --- [http-nio-8082-exec-10] com.iit.lab2.service.GameService         : Game with id 1 was found
2021-03-27 21:13:04.240  INFO 169098 --- [http-nio-8082-exec-1] com.iit.lab2.service.GameService         : Game with id 3 was found
